-------------------------------------------------------------------------------
Test set: org.apache.camel.component.spring.ws.MarschallingConsumerIntegrationTest
-------------------------------------------------------------------------------
Tests run: 1, Failures: 0, Errors: 1, Skipped: 0, Time elapsed: 0.501 sec <<< FAILURE!
consumeStockQuoteWebservice(org.apache.camel.component.spring.ws.MarschallingConsumerIntegrationTest)  Time elapsed: 0.469 sec  <<< ERROR!
org.apache.camel.FailedToCreateRouteException: Failed to create route route1 at: >>> To[springws:http://www.webservicex.net/stockquote.asmx?webServiceTemplate=#webServiceTemplate&amp;soapAction=http://www.webserviceX.NET/GetQuote] <<< in route: Route[[From[direct://webservice-marshall]] -> [Marshal[org.a... because of Failed to resolve endpoint: springws://http://www.webservicex.net/stockquote.asmx?amp%3BsoapAction=http%3A%2F%2Fwww.webserviceX.NET%2FGetQuote&webServiceTemplate=%23webServiceTemplate due to: registry entry called webServiceTemplate of type org.springframework.ws.client.core.WebServiceTemplate must be specified
	at org.apache.camel.model.RouteDefinition.addRoutes(RouteDefinition.java:720)
	at org.apache.camel.model.RouteDefinition.addRoutes(RouteDefinition.java:138)
	at org.apache.camel.impl.DefaultCamelContext.startRoute(DefaultCamelContext.java:545)
	at org.apache.camel.impl.DefaultCamelContext.startRouteDefinitions(DefaultCamelContext.java:1209)
	at org.apache.camel.impl.DefaultCamelContext.doStartCamel(DefaultCamelContext.java:1107)
	at org.apache.camel.impl.DefaultCamelContext.doStart(DefaultCamelContext.java:1037)
	at org.apache.camel.impl.ServiceSupport.start(ServiceSupport.java:56)
	at org.apache.camel.impl.DefaultCamelContext.start(DefaultCamelContext.java:912)
	at org.apache.camel.test.junit4.CamelTestSupport.startCamelContext(CamelTestSupport.java:173)
	at org.apache.camel.test.junit4.CamelTestSupport.setUp(CamelTestSupport.java:115)
	at sun.reflect.NativeMethodAccessorImpl.invoke0(Native Method)
	at sun.reflect.NativeMethodAccessorImpl.invoke(NativeMethodAccessorImpl.java:39)
	at sun.reflect.DelegatingMethodAccessorImpl.invoke(DelegatingMethodAccessorImpl.java:25)
	at java.lang.reflect.Method.invoke(Method.java:597)
	at org.junit.internal.runners.MethodRoadie.runBefores(MethodRoadie.java:122)
	at org.junit.internal.runners.MethodRoadie.runBeforesThenTestThenAfters(MethodRoadie.java:86)
	at org.junit.internal.runners.MethodRoadie.runWithTimeout(MethodRoadie.java:49)
	at org.junit.internal.runners.MethodRoadie.run(MethodRoadie.java:40)
	at org.junit.internal.runners.JUnit4ClassRunner.invokeTestMethod(JUnit4ClassRunner.java:88)
	at org.junit.internal.runners.JUnit4ClassRunner.runMethods(JUnit4ClassRunner.java:51)
	at org.junit.internal.runners.JUnit4ClassRunner$1.run(JUnit4ClassRunner.java:44)
	at org.junit.internal.runners.ClassRoadie.runUnprotected(ClassRoadie.java:27)
	at org.junit.internal.runners.ClassRoadie.runProtected(ClassRoadie.java:37)
	at org.junit.internal.runners.JUnit4ClassRunner.run(JUnit4ClassRunner.java:42)
	at org.apache.maven.surefire.junit4.JUnit4TestSet.execute(JUnit4TestSet.java:62)
	at org.apache.maven.surefire.suite.AbstractDirectoryTestSuite.executeTestSet(AbstractDirectoryTestSuite.java:140)
	at org.apache.maven.surefire.suite.AbstractDirectoryTestSuite.execute(AbstractDirectoryTestSuite.java:127)
	at org.apache.maven.surefire.Surefire.run(Surefire.java:177)
	at sun.reflect.NativeMethodAccessorImpl.invoke0(Native Method)
	at sun.reflect.NativeMethodAccessorImpl.invoke(NativeMethodAccessorImpl.java:39)
	at sun.reflect.DelegatingMethodAccessorImpl.invoke(DelegatingMethodAccessorImpl.java:25)
	at java.lang.reflect.Method.invoke(Method.java:597)
	at org.apache.maven.surefire.booter.SurefireBooter.runSuitesInProcess(SurefireBooter.java:345)
	at org.apache.maven.surefire.booter.SurefireBooter.main(SurefireBooter.java:1009)
Caused by: org.apache.camel.ResolveEndpointFailedException: Failed to resolve endpoint: springws://http://www.webservicex.net/stockquote.asmx?amp%3BsoapAction=http%3A%2F%2Fwww.webserviceX.NET%2FGetQuote&webServiceTemplate=%23webServiceTemplate due to: registry entry called webServiceTemplate of type org.springframework.ws.client.core.WebServiceTemplate must be specified
	at org.apache.camel.impl.DefaultCamelContext.getEndpoint(DefaultCamelContext.java:377)
	at org.apache.camel.util.CamelContextHelper.getMandatoryEndpoint(CamelContextHelper.java:47)
	at org.apache.camel.model.RouteDefinition.resolveEndpoint(RouteDefinition.java:153)
	at org.apache.camel.impl.DefaultRouteContext.resolveEndpoint(DefaultRouteContext.java:110)
	at org.apache.camel.impl.DefaultRouteContext.resolveEndpoint(DefaultRouteContext.java:116)
	at org.apache.camel.model.SendDefinition.resolveEndpoint(SendDefinition.java:63)
	at org.apache.camel.model.SendDefinition.createProcessor(SendDefinition.java:57)
	at org.apache.camel.model.ToDefinition.createProcessor(ToDefinition.java:91)
	at org.apache.camel.model.ProcessorDefinition.makeProcessor(ProcessorDefinition.java:365)
	at org.apache.camel.model.ProcessorDefinition.addRoutes(ProcessorDefinition.java:161)
	at org.apache.camel.model.RouteDefinition.addRoutes(RouteDefinition.java:717)
	... 33 more
Caused by: java.lang.IllegalArgumentException: registry entry called webServiceTemplate of type org.springframework.ws.client.core.WebServiceTemplate must be specified
	at org.apache.camel.util.ObjectHelper.notNull(ObjectHelper.java:260)
	at org.apache.camel.util.CamelContextHelper.mandatoryLookup(CamelContextHelper.java:124)
	at org.apache.camel.util.EndpointHelper.resolveReferenceParameter(EndpointHelper.java:255)
	at org.apache.camel.util.EndpointHelper.resolveReferenceParameter(EndpointHelper.java:237)
	at org.apache.camel.impl.DefaultComponent.resolveAndRemoveReferenceParameter(DefaultComponent.java:282)
	at org.apache.camel.component.spring.ws.SpringWebserviceComponent.createProducerConfiguration(SpringWebserviceComponent.java:94)
	at org.apache.camel.component.spring.ws.SpringWebserviceComponent.createEndpoint(SpringWebserviceComponent.java:59)
	at org.apache.camel.impl.DefaultComponent.createEndpoint(DefaultComponent.java:75)
	at org.apache.camel.impl.DefaultCamelContext.getEndpoint(DefaultCamelContext.java:356)
	... 43 more

