<?xml version="1.0" encoding="UTF-8" ?>
<testsuite failures="0" time="1.373" errors="1" skipped="0" tests="1" name="org.apache.camel.component.spring.ws.SpringWebserviceMarschallingConsumerIntegrationTest">
  <properties>
[...]
</properties>
  <testcase time="1.345" classname="org.apache.camel.component.spring.ws.SpringWebserviceMarschallingConsumerIntegrationTest" name="consumeStockQuoteWebservice">
    <error message="Exception occurred during execution on the exchange: Exchange[Message: [B@1d716fa0]" type="org.apache.camel.CamelExecutionException">org.apache.camel.CamelExecutionException: Exception occurred during execution on the exchange: Exchange[Message: [B@1d716fa0]
	at org.apache.camel.util.ObjectHelper.wrapCamelExecutionException(ObjectHelper.java:1127)
	at org.apache.camel.util.ExchangeHelper.extractResultBody(ExchangeHelper.java:448)
	at org.apache.camel.impl.DefaultProducerTemplate.extractResultBody(DefaultProducerTemplate.java:440)
	at org.apache.camel.impl.DefaultProducerTemplate.sendBody(DefaultProducerTemplate.java:118)
	at org.apache.camel.impl.DefaultProducerTemplate.sendBody(DefaultProducerTemplate.java:134)
	at org.apache.camel.impl.DefaultProducerTemplate.requestBody(DefaultProducerTemplate.java:282)
	at org.apache.camel.component.spring.ws.SpringWebserviceMarschallingConsumerIntegrationTest.consumeStockQuoteWebservice(SpringWebserviceMarschallingConsumerIntegrationTest.java:32)
	at sun.reflect.NativeMethodAccessorImpl.invoke0(Native Method)
	at sun.reflect.NativeMethodAccessorImpl.invoke(NativeMethodAccessorImpl.java:39)
	at sun.reflect.DelegatingMethodAccessorImpl.invoke(DelegatingMethodAccessorImpl.java:25)
	at java.lang.reflect.Method.invoke(Method.java:597)
	at org.junit.internal.runners.TestMethod.invoke(TestMethod.java:59)
	at org.junit.internal.runners.MethodRoadie.runTestMethod(MethodRoadie.java:98)
	at org.junit.internal.runners.MethodRoadie$2.run(MethodRoadie.java:79)
	at org.junit.internal.runners.MethodRoadie.runBeforesThenTestThenAfters(MethodRoadie.java:87)
	at org.junit.internal.runners.MethodRoadie.runTest(MethodRoadie.java:77)
	at org.junit.internal.runners.MethodRoadie.run(MethodRoadie.java:42)
	at org.junit.internal.runners.JUnit4ClassRunner.invokeTestMethod(JUnit4ClassRunner.java:88)
	at org.junit.internal.runners.JUnit4ClassRunner.runMethods(JUnit4ClassRunner.java:51)
	at org.junit.internal.runners.JUnit4ClassRunner$1.run(JUnit4ClassRunner.java:44)
	at org.junit.internal.runners.ClassRoadie.runUnprotected(ClassRoadie.java:27)
	at org.junit.internal.runners.ClassRoadie.runProtected(ClassRoadie.java:37)
	at org.junit.internal.runners.JUnit4ClassRunner.run(JUnit4ClassRunner.java:42)
	at org.apache.maven.surefire.junit4.JUnit4TestSet.execute(JUnit4TestSet.java:62)
	at org.apache.maven.surefire.suite.AbstractDirectoryTestSuite.executeTestSet(AbstractDirectoryTestSuite.java:140)
	at org.apache.maven.surefire.suite.AbstractDirectoryTestSuite.execute(AbstractDirectoryTestSuite.java:127)
	at org.apache.maven.surefire.Surefire.run(Surefire.java:177)
	at sun.reflect.NativeMethodAccessorImpl.invoke0(Native Method)
	at sun.reflect.NativeMethodAccessorImpl.invoke(NativeMethodAccessorImpl.java:39)
	at sun.reflect.DelegatingMethodAccessorImpl.invoke(DelegatingMethodAccessorImpl.java:25)
	at java.lang.reflect.Method.invoke(Method.java:597)
	at org.apache.maven.surefire.booter.SurefireBooter.runSuitesInProcess(SurefireBooter.java:345)
	at org.apache.maven.surefire.booter.SurefireBooter.main(SurefireBooter.java:1009)
Caused by: org.springframework.ws.client.WebServiceTransportException: Service Unavailable [503]
	at org.springframework.ws.client.core.WebServiceTemplate.handleError(WebServiceTemplate.java:627)
	at org.springframework.ws.client.core.WebServiceTemplate.doSendAndReceive(WebServiceTemplate.java:551)
	at org.springframework.ws.client.core.WebServiceTemplate.sendAndReceive(WebServiceTemplate.java:502)
	at org.springframework.ws.client.core.WebServiceTemplate.doSendAndReceive(WebServiceTemplate.java:457)
	at org.springframework.ws.client.core.WebServiceTemplate.sendSourceAndReceive(WebServiceTemplate.java:444)
	at org.springframework.ws.client.core.WebServiceTemplate.sendSourceAndReceive(WebServiceTemplate.java:435)
	at org.apache.camel.component.spring.ws.SpringWebserviceProducer.process(SpringWebserviceProducer.java:60)
	at org.apache.camel.processor.SendProcessor$1.doInProducer(SendProcessor.java:106)
	at org.apache.camel.processor.SendProcessor$1.doInProducer(SendProcessor.java:103)
	at org.apache.camel.impl.ProducerCache.doInProducer(ProducerCache.java:189)
	at org.apache.camel.processor.SendProcessor.doProcess(SendProcessor.java:103)
	at org.apache.camel.processor.SendProcessor.process(SendProcessor.java:87)
	at org.apache.camel.processor.DelegateProcessor.processNext(DelegateProcessor.java:53)
	at org.apache.camel.processor.DelegateProcessor.proceed(DelegateProcessor.java:82)
	at org.apache.camel.processor.interceptor.TraceInterceptor.process(TraceInterceptor.java:97)
	at org.apache.camel.processor.RedeliveryErrorHandler.processExchange(RedeliveryErrorHandler.java:185)
	at org.apache.camel.processor.RedeliveryErrorHandler.processErrorHandler(RedeliveryErrorHandler.java:151)
	at org.apache.camel.processor.RedeliveryErrorHandler.process(RedeliveryErrorHandler.java:89)
	at org.apache.camel.processor.DefaultErrorHandler.process(DefaultErrorHandler.java:49)
	at org.apache.camel.processor.DefaultChannel.process(DefaultChannel.java:228)
	at org.apache.camel.processor.Pipeline.process(Pipeline.java:75)
	at org.apache.camel.processor.UnitOfWorkProcessor.processNext(UnitOfWorkProcessor.java:70)
	at org.apache.camel.processor.DelegateProcessor.process(DelegateProcessor.java:48)
	at org.apache.camel.management.InstrumentationProcessor.process(InstrumentationProcessor.java:67)
	at org.apache.camel.component.direct.DirectProducer.process(DirectProducer.java:44)
	at org.apache.camel.impl.ProducerCache$1.doInProducer(ProducerCache.java:230)
	at org.apache.camel.impl.ProducerCache$1.doInProducer(ProducerCache.java:208)
	at org.apache.camel.impl.ProducerCache.doInProducer(ProducerCache.java:189)
	at org.apache.camel.impl.ProducerCache.sendExchange(ProducerCache.java:208)
	at org.apache.camel.impl.ProducerCache.send(ProducerCache.java:152)
	at org.apache.camel.impl.DefaultProducerTemplate.send(DefaultProducerTemplate.java:113)
	at org.apache.camel.impl.DefaultProducerTemplate.sendBody(DefaultProducerTemplate.java:117)
	... 29 more
</error>
  </testcase>
</testsuite>