<?xml version="1.0" encoding="UTF-8" ?>
<testsuite failures="0" time="1.309" errors="0" skipped="0" tests="4" name="org.apache.camel.component.spring.ws.SpringWebserviceComponentProducerIntegrationTest">
  <properties>
[...]
</properties>
  <testcase time="0.331" classname="org.apache.camel.component.spring.ws.SpringWebserviceComponentProducerIntegrationTest" name="testRootQName"/>
  <testcase time="0.351" classname="org.apache.camel.component.spring.ws.SpringWebserviceComponentProducerIntegrationTest" name="testSoapAction"/>
  <testcase time="0.326" classname="org.apache.camel.component.spring.ws.SpringWebserviceComponentProducerIntegrationTest" name="testUri"/>
  <testcase time="0.298" classname="org.apache.camel.component.spring.ws.SpringWebserviceComponentProducerIntegrationTest" name="testXPath"/>
</testsuite>