<?xml version="1.0" encoding="UTF-8" ?>
<testsuite failures="0" time="7.382" errors="6" skipped="0" tests="7" name="org.apache.camel.component.spring.ws.SpringWebserviceComponentIntegrationTest">
  <properties>
[...]
</properties>
  <testcase time="0.35" classname="org.apache.camel.component.spring.ws.SpringWebserviceComponentIntegrationTest" name="consumeStockQuoteWebserviceWithDefaultTemplate">
    <error message="Exception occurred during execution on the exchange: Exchange[Message: &lt;GetQuote xmlns=&quot;http://www.webserviceX.NET/&quot;&gt;&lt;symbol&gt;GOOG&lt;/symbol&gt;&lt;/GetQuote&gt;]" type="org.apache.camel.CamelExecutionException">org.apache.camel.CamelExecutionException: Exception occurred during execution on the exchange: Exchange[Message: &lt;GetQuote xmlns=&quot;http://www.webserviceX.NET/&quot;&gt;&lt;symbol&gt;GOOG&lt;/symbol&gt;&lt;/GetQuote&gt;]
	at org.apache.camel.util.ObjectHelper.wrapCamelExecutionException(ObjectHelper.java:1127)
	at org.apache.camel.util.ExchangeHelper.extractResultBody(ExchangeHelper.java:448)
	at org.apache.camel.impl.DefaultProducerTemplate.extractResultBody(DefaultProducerTemplate.java:440)
	at org.apache.camel.impl.DefaultProducerTemplate.sendBody(DefaultProducerTemplate.java:118)
	at org.apache.camel.impl.DefaultProducerTemplate.sendBody(DefaultProducerTemplate.java:134)
	at org.apache.camel.impl.DefaultProducerTemplate.requestBody(DefaultProducerTemplate.java:282)
	at org.apache.camel.component.spring.ws.SpringWebserviceComponentIntegrationTest.consumeStockQuoteWebserviceWithDefaultTemplate(SpringWebserviceComponentIntegrationTest.java:44)
	at sun.reflect.NativeMethodAccessorImpl.invoke0(Native Method)
	at sun.reflect.NativeMethodAccessorImpl.invoke(NativeMethodAccessorImpl.java:39)
	at sun.reflect.DelegatingMethodAccessorImpl.invoke(DelegatingMethodAccessorImpl.java:25)
	at java.lang.reflect.Method.invoke(Method.java:597)
	at org.springframework.test.context.junit4.SpringTestMethod.invoke(SpringTestMethod.java:160)
	at org.springframework.test.context.junit4.SpringMethodRoadie.runTestMethod(SpringMethodRoadie.java:233)
	at org.springframework.test.context.junit4.SpringMethodRoadie$RunBeforesThenTestThenAfters.run(SpringMethodRoadie.java:333)
	at java.util.concurrent.Executors$RunnableAdapter.call(Executors.java:441)
	at java.util.concurrent.FutureTask$Sync.innerRun(FutureTask.java:303)
	at java.util.concurrent.FutureTask.run(FutureTask.java:138)
	at java.util.concurrent.ThreadPoolExecutor$Worker.runTask(ThreadPoolExecutor.java:886)
	at java.util.concurrent.ThreadPoolExecutor$Worker.run(ThreadPoolExecutor.java:908)
	at java.lang.Thread.run(Thread.java:637)
Caused by: org.springframework.ws.client.WebServiceTransportException: Service Unavailable [503]
	at org.springframework.ws.client.core.WebServiceTemplate.handleError(WebServiceTemplate.java:627)
	at org.springframework.ws.client.core.WebServiceTemplate.doSendAndReceive(WebServiceTemplate.java:551)
	at org.springframework.ws.client.core.WebServiceTemplate.sendAndReceive(WebServiceTemplate.java:502)
	at org.springframework.ws.client.core.WebServiceTemplate.doSendAndReceive(WebServiceTemplate.java:457)
	at org.springframework.ws.client.core.WebServiceTemplate.sendSourceAndReceive(WebServiceTemplate.java:444)
	at org.springframework.ws.client.core.WebServiceTemplate.sendSourceAndReceive(WebServiceTemplate.java:435)
	at org.apache.camel.component.spring.ws.SpringWebserviceProducer.process(SpringWebserviceProducer.java:60)
	at org.apache.camel.processor.SendProcessor$1.doInProducer(SendProcessor.java:106)
	at org.apache.camel.processor.SendProcessor$1.doInProducer(SendProcessor.java:103)
	at org.apache.camel.impl.ProducerCache.doInProducer(ProducerCache.java:189)
	at org.apache.camel.processor.SendProcessor.doProcess(SendProcessor.java:103)
	at org.apache.camel.processor.SendProcessor.process(SendProcessor.java:87)
	at org.apache.camel.processor.DelegateProcessor.processNext(DelegateProcessor.java:53)
	at org.apache.camel.processor.DelegateProcessor.proceed(DelegateProcessor.java:82)
	at org.apache.camel.processor.interceptor.TraceInterceptor.process(TraceInterceptor.java:97)
	at org.apache.camel.processor.RedeliveryErrorHandler.processExchange(RedeliveryErrorHandler.java:185)
	at org.apache.camel.processor.RedeliveryErrorHandler.processErrorHandler(RedeliveryErrorHandler.java:151)
	at org.apache.camel.processor.RedeliveryErrorHandler.process(RedeliveryErrorHandler.java:89)
	at org.apache.camel.processor.DefaultErrorHandler.process(DefaultErrorHandler.java:49)
	at org.apache.camel.processor.DefaultChannel.process(DefaultChannel.java:228)
	at org.apache.camel.processor.UnitOfWorkProcessor.processNext(UnitOfWorkProcessor.java:70)
	at org.apache.camel.processor.DelegateProcessor.process(DelegateProcessor.java:48)
	at org.apache.camel.management.InstrumentationProcessor.process(InstrumentationProcessor.java:67)
	at org.apache.camel.component.direct.DirectProducer.process(DirectProducer.java:44)
	at org.apache.camel.impl.ProducerCache$1.doInProducer(ProducerCache.java:230)
	at org.apache.camel.impl.ProducerCache$1.doInProducer(ProducerCache.java:208)
	at org.apache.camel.impl.ProducerCache.doInProducer(ProducerCache.java:189)
	at org.apache.camel.impl.ProducerCache.sendExchange(ProducerCache.java:208)
	at org.apache.camel.impl.ProducerCache.send(ProducerCache.java:152)
	at org.apache.camel.impl.DefaultProducerTemplate.send(DefaultProducerTemplate.java:113)
	at org.apache.camel.impl.DefaultProducerTemplate.sendBody(DefaultProducerTemplate.java:117)
	... 16 more
</error>
  </testcase>
  <testcase time="0.279" classname="org.apache.camel.component.spring.ws.SpringWebserviceComponentIntegrationTest" name="consumeStockQuoteWebservice">
    <error message="Exception occurred during execution on the exchange: Exchange[Message: &lt;GetQuote xmlns=&quot;http://www.webserviceX.NET/&quot;&gt;&lt;symbol&gt;GOOG&lt;/symbol&gt;&lt;/GetQuote&gt;]" type="org.apache.camel.CamelExecutionException">org.apache.camel.CamelExecutionException: Exception occurred during execution on the exchange: Exchange[Message: &lt;GetQuote xmlns=&quot;http://www.webserviceX.NET/&quot;&gt;&lt;symbol&gt;GOOG&lt;/symbol&gt;&lt;/GetQuote&gt;]
	at org.apache.camel.util.ObjectHelper.wrapCamelExecutionException(ObjectHelper.java:1127)
	at org.apache.camel.util.ExchangeHelper.extractResultBody(ExchangeHelper.java:448)
	at org.apache.camel.impl.DefaultProducerTemplate.extractResultBody(DefaultProducerTemplate.java:440)
	at org.apache.camel.impl.DefaultProducerTemplate.sendBody(DefaultProducerTemplate.java:118)
	at org.apache.camel.impl.DefaultProducerTemplate.sendBody(DefaultProducerTemplate.java:134)
	at org.apache.camel.impl.DefaultProducerTemplate.requestBody(DefaultProducerTemplate.java:282)
	at org.apache.camel.component.spring.ws.SpringWebserviceComponentIntegrationTest.consumeStockQuoteWebservice(SpringWebserviceComponentIntegrationTest.java:52)
	at sun.reflect.NativeMethodAccessorImpl.invoke0(Native Method)
	at sun.reflect.NativeMethodAccessorImpl.invoke(NativeMethodAccessorImpl.java:39)
	at sun.reflect.DelegatingMethodAccessorImpl.invoke(DelegatingMethodAccessorImpl.java:25)
	at java.lang.reflect.Method.invoke(Method.java:597)
	at org.springframework.test.context.junit4.SpringTestMethod.invoke(SpringTestMethod.java:160)
	at org.springframework.test.context.junit4.SpringMethodRoadie.runTestMethod(SpringMethodRoadie.java:233)
	at org.springframework.test.context.junit4.SpringMethodRoadie$RunBeforesThenTestThenAfters.run(SpringMethodRoadie.java:333)
	at java.util.concurrent.Executors$RunnableAdapter.call(Executors.java:441)
	at java.util.concurrent.FutureTask$Sync.innerRun(FutureTask.java:303)
	at java.util.concurrent.FutureTask.run(FutureTask.java:138)
	at java.util.concurrent.ThreadPoolExecutor$Worker.runTask(ThreadPoolExecutor.java:886)
	at java.util.concurrent.ThreadPoolExecutor$Worker.run(ThreadPoolExecutor.java:908)
	at java.lang.Thread.run(Thread.java:637)
Caused by: org.springframework.ws.client.WebServiceTransportException: Service Unavailable [503]
	at org.springframework.ws.client.core.WebServiceTemplate.handleError(WebServiceTemplate.java:627)
	at org.springframework.ws.client.core.WebServiceTemplate.doSendAndReceive(WebServiceTemplate.java:551)
	at org.springframework.ws.client.core.WebServiceTemplate.sendAndReceive(WebServiceTemplate.java:502)
	at org.springframework.ws.client.core.WebServiceTemplate.doSendAndReceive(WebServiceTemplate.java:457)
	at org.springframework.ws.client.core.WebServiceTemplate.sendSourceAndReceive(WebServiceTemplate.java:444)
	at org.springframework.ws.client.core.WebServiceTemplate.sendSourceAndReceive(WebServiceTemplate.java:435)
	at org.apache.camel.component.spring.ws.SpringWebserviceProducer.process(SpringWebserviceProducer.java:60)
	at org.apache.camel.processor.SendProcessor$1.doInProducer(SendProcessor.java:106)
	at org.apache.camel.processor.SendProcessor$1.doInProducer(SendProcessor.java:103)
	at org.apache.camel.impl.ProducerCache.doInProducer(ProducerCache.java:189)
	at org.apache.camel.processor.SendProcessor.doProcess(SendProcessor.java:103)
	at org.apache.camel.processor.SendProcessor.process(SendProcessor.java:87)
	at org.apache.camel.processor.DelegateProcessor.processNext(DelegateProcessor.java:53)
	at org.apache.camel.processor.DelegateProcessor.proceed(DelegateProcessor.java:82)
	at org.apache.camel.processor.interceptor.TraceInterceptor.process(TraceInterceptor.java:97)
	at org.apache.camel.processor.RedeliveryErrorHandler.processExchange(RedeliveryErrorHandler.java:185)
	at org.apache.camel.processor.RedeliveryErrorHandler.processErrorHandler(RedeliveryErrorHandler.java:151)
	at org.apache.camel.processor.RedeliveryErrorHandler.process(RedeliveryErrorHandler.java:89)
	at org.apache.camel.processor.DefaultErrorHandler.process(DefaultErrorHandler.java:49)
	at org.apache.camel.processor.DefaultChannel.process(DefaultChannel.java:228)
	at org.apache.camel.processor.UnitOfWorkProcessor.processNext(UnitOfWorkProcessor.java:70)
	at org.apache.camel.processor.DelegateProcessor.process(DelegateProcessor.java:48)
	at org.apache.camel.management.InstrumentationProcessor.process(InstrumentationProcessor.java:67)
	at org.apache.camel.component.direct.DirectProducer.process(DirectProducer.java:44)
	at org.apache.camel.impl.ProducerCache$1.doInProducer(ProducerCache.java:230)
	at org.apache.camel.impl.ProducerCache$1.doInProducer(ProducerCache.java:208)
	at org.apache.camel.impl.ProducerCache.doInProducer(ProducerCache.java:189)
	at org.apache.camel.impl.ProducerCache.sendExchange(ProducerCache.java:208)
	at org.apache.camel.impl.ProducerCache.send(ProducerCache.java:152)
	at org.apache.camel.impl.DefaultProducerTemplate.send(DefaultProducerTemplate.java:113)
	at org.apache.camel.impl.DefaultProducerTemplate.sendBody(DefaultProducerTemplate.java:117)
	... 16 more
</error>
  </testcase>
  <testcase time="0.279" classname="org.apache.camel.component.spring.ws.SpringWebserviceComponentIntegrationTest" name="consumeStockQuoteWebserviceWithCamelStringSourceInput">
    <error message="Exception occurred during execution on the exchange: Exchange[Message: StringSource[&lt;GetQuote xmlns=&quot;http://www.webserviceX.NET/&quot;&gt;&lt;symbol&gt;GOOG&lt;/symbol&gt;&lt;/GetQuote&gt;]]" type="org.apache.camel.CamelExecutionException">org.apache.camel.CamelExecutionException: Exception occurred during execution on the exchange: Exchange[Message: StringSource[&lt;GetQuote xmlns=&quot;http://www.webserviceX.NET/&quot;&gt;&lt;symbol&gt;GOOG&lt;/symbol&gt;&lt;/GetQuote&gt;]]
	at org.apache.camel.util.ObjectHelper.wrapCamelExecutionException(ObjectHelper.java:1127)
	at org.apache.camel.util.ExchangeHelper.extractResultBody(ExchangeHelper.java:448)
	at org.apache.camel.impl.DefaultProducerTemplate.extractResultBody(DefaultProducerTemplate.java:440)
	at org.apache.camel.impl.DefaultProducerTemplate.sendBody(DefaultProducerTemplate.java:118)
	at org.apache.camel.impl.DefaultProducerTemplate.sendBody(DefaultProducerTemplate.java:134)
	at org.apache.camel.impl.DefaultProducerTemplate.requestBody(DefaultProducerTemplate.java:282)
	at org.apache.camel.component.spring.ws.SpringWebserviceComponentIntegrationTest.consumeStockQuoteWebserviceWithCamelStringSourceInput(SpringWebserviceComponentIntegrationTest.java:60)
	at sun.reflect.NativeMethodAccessorImpl.invoke0(Native Method)
	at sun.reflect.NativeMethodAccessorImpl.invoke(NativeMethodAccessorImpl.java:39)
	at sun.reflect.DelegatingMethodAccessorImpl.invoke(DelegatingMethodAccessorImpl.java:25)
	at java.lang.reflect.Method.invoke(Method.java:597)
	at org.springframework.test.context.junit4.SpringTestMethod.invoke(SpringTestMethod.java:160)
	at org.springframework.test.context.junit4.SpringMethodRoadie.runTestMethod(SpringMethodRoadie.java:233)
	at org.springframework.test.context.junit4.SpringMethodRoadie$RunBeforesThenTestThenAfters.run(SpringMethodRoadie.java:333)
	at java.util.concurrent.Executors$RunnableAdapter.call(Executors.java:441)
	at java.util.concurrent.FutureTask$Sync.innerRun(FutureTask.java:303)
	at java.util.concurrent.FutureTask.run(FutureTask.java:138)
	at java.util.concurrent.ThreadPoolExecutor$Worker.runTask(ThreadPoolExecutor.java:886)
	at java.util.concurrent.ThreadPoolExecutor$Worker.run(ThreadPoolExecutor.java:908)
	at java.lang.Thread.run(Thread.java:637)
Caused by: org.springframework.ws.client.WebServiceTransportException: Service Unavailable [503]
	at org.springframework.ws.client.core.WebServiceTemplate.handleError(WebServiceTemplate.java:627)
	at org.springframework.ws.client.core.WebServiceTemplate.doSendAndReceive(WebServiceTemplate.java:551)
	at org.springframework.ws.client.core.WebServiceTemplate.sendAndReceive(WebServiceTemplate.java:502)
	at org.springframework.ws.client.core.WebServiceTemplate.doSendAndReceive(WebServiceTemplate.java:457)
	at org.springframework.ws.client.core.WebServiceTemplate.sendSourceAndReceive(WebServiceTemplate.java:444)
	at org.springframework.ws.client.core.WebServiceTemplate.sendSourceAndReceive(WebServiceTemplate.java:435)
	at org.apache.camel.component.spring.ws.SpringWebserviceProducer.process(SpringWebserviceProducer.java:60)
	at org.apache.camel.processor.SendProcessor$1.doInProducer(SendProcessor.java:106)
	at org.apache.camel.processor.SendProcessor$1.doInProducer(SendProcessor.java:103)
	at org.apache.camel.impl.ProducerCache.doInProducer(ProducerCache.java:189)
	at org.apache.camel.processor.SendProcessor.doProcess(SendProcessor.java:103)
	at org.apache.camel.processor.SendProcessor.process(SendProcessor.java:87)
	at org.apache.camel.processor.DelegateProcessor.processNext(DelegateProcessor.java:53)
	at org.apache.camel.processor.DelegateProcessor.proceed(DelegateProcessor.java:82)
	at org.apache.camel.processor.interceptor.TraceInterceptor.process(TraceInterceptor.java:97)
	at org.apache.camel.processor.RedeliveryErrorHandler.processExchange(RedeliveryErrorHandler.java:185)
	at org.apache.camel.processor.RedeliveryErrorHandler.processErrorHandler(RedeliveryErrorHandler.java:151)
	at org.apache.camel.processor.RedeliveryErrorHandler.process(RedeliveryErrorHandler.java:89)
	at org.apache.camel.processor.DefaultErrorHandler.process(DefaultErrorHandler.java:49)
	at org.apache.camel.processor.DefaultChannel.process(DefaultChannel.java:228)
	at org.apache.camel.processor.UnitOfWorkProcessor.processNext(UnitOfWorkProcessor.java:70)
	at org.apache.camel.processor.DelegateProcessor.process(DelegateProcessor.java:48)
	at org.apache.camel.management.InstrumentationProcessor.process(InstrumentationProcessor.java:67)
	at org.apache.camel.component.direct.DirectProducer.process(DirectProducer.java:44)
	at org.apache.camel.impl.ProducerCache$1.doInProducer(ProducerCache.java:230)
	at org.apache.camel.impl.ProducerCache$1.doInProducer(ProducerCache.java:208)
	at org.apache.camel.impl.ProducerCache.doInProducer(ProducerCache.java:189)
	at org.apache.camel.impl.ProducerCache.sendExchange(ProducerCache.java:208)
	at org.apache.camel.impl.ProducerCache.send(ProducerCache.java:152)
	at org.apache.camel.impl.DefaultProducerTemplate.send(DefaultProducerTemplate.java:113)
	at org.apache.camel.impl.DefaultProducerTemplate.sendBody(DefaultProducerTemplate.java:117)
	... 16 more
</error>
  </testcase>
  <testcase time="5.001" classname="org.apache.camel.component.spring.ws.SpringWebserviceComponentIntegrationTest" name="consumeStockQuoteWebserviceWithNonDefaultMessageFactory">
    <error message="Test timed out after 5000 milliseconds" type="java.util.concurrent.TimeoutException">java.util.concurrent.TimeoutException: Test timed out after 5000 milliseconds
	at org.springframework.test.context.junit4.SpringMethodRoadie$1.run(SpringMethodRoadie.java:174)
	at org.springframework.test.context.junit4.SpringMethodRoadie.runWithRepetitions(SpringMethodRoadie.java:217)
	at org.springframework.test.context.junit4.SpringMethodRoadie.runWithTimeout(SpringMethodRoadie.java:159)
	at org.springframework.test.context.junit4.SpringMethodRoadie.run(SpringMethodRoadie.java:140)
	at org.springframework.test.context.junit4.SpringJUnit4ClassRunner.invokeTestMethod(SpringJUnit4ClassRunner.java:160)
	at org.junit.internal.runners.JUnit4ClassRunner.runMethods(JUnit4ClassRunner.java:51)
	at org.junit.internal.runners.JUnit4ClassRunner$1.run(JUnit4ClassRunner.java:44)
	at org.junit.internal.runners.ClassRoadie.runUnprotected(ClassRoadie.java:27)
	at org.junit.internal.runners.ClassRoadie.runProtected(ClassRoadie.java:37)
	at org.junit.internal.runners.JUnit4ClassRunner.run(JUnit4ClassRunner.java:42)
	at org.springframework.test.context.junit4.SpringJUnit4ClassRunner.run(SpringJUnit4ClassRunner.java:97)
	at org.apache.maven.surefire.junit4.JUnit4TestSet.execute(JUnit4TestSet.java:62)
	at org.apache.maven.surefire.suite.AbstractDirectoryTestSuite.executeTestSet(AbstractDirectoryTestSuite.java:140)
	at org.apache.maven.surefire.suite.AbstractDirectoryTestSuite.execute(AbstractDirectoryTestSuite.java:127)
	at org.apache.maven.surefire.Surefire.run(Surefire.java:177)
	at sun.reflect.NativeMethodAccessorImpl.invoke0(Native Method)
	at sun.reflect.NativeMethodAccessorImpl.invoke(NativeMethodAccessorImpl.java:39)
	at sun.reflect.DelegatingMethodAccessorImpl.invoke(DelegatingMethodAccessorImpl.java:25)
	at java.lang.reflect.Method.invoke(Method.java:597)
	at org.apache.maven.surefire.booter.SurefireBooter.runSuitesInProcess(SurefireBooter.java:345)
	at org.apache.maven.surefire.booter.SurefireBooter.main(SurefireBooter.java:1009)
</error>
  </testcase>
  <testcase time="0.279" classname="org.apache.camel.component.spring.ws.SpringWebserviceComponentIntegrationTest" name="consumeStockQuoteWebserviceAndConvertResult">
    <error message="Exception occurred during execution on the exchange: Exchange[Message: &lt;GetQuote xmlns=&quot;http://www.webserviceX.NET/&quot;&gt;&lt;symbol&gt;GOOG&lt;/symbol&gt;&lt;/GetQuote&gt;]" type="org.apache.camel.CamelExecutionException">org.apache.camel.CamelExecutionException: Exception occurred during execution on the exchange: Exchange[Message: &lt;GetQuote xmlns=&quot;http://www.webserviceX.NET/&quot;&gt;&lt;symbol&gt;GOOG&lt;/symbol&gt;&lt;/GetQuote&gt;]
	at org.apache.camel.util.ObjectHelper.wrapCamelExecutionException(ObjectHelper.java:1127)
	at org.apache.camel.util.ExchangeHelper.extractResultBody(ExchangeHelper.java:448)
	at org.apache.camel.impl.DefaultProducerTemplate.extractResultBody(DefaultProducerTemplate.java:440)
	at org.apache.camel.impl.DefaultProducerTemplate.sendBody(DefaultProducerTemplate.java:118)
	at org.apache.camel.impl.DefaultProducerTemplate.sendBody(DefaultProducerTemplate.java:134)
	at org.apache.camel.impl.DefaultProducerTemplate.requestBody(DefaultProducerTemplate.java:282)
	at org.apache.camel.component.spring.ws.SpringWebserviceComponentIntegrationTest.consumeStockQuoteWebserviceAndConvertResult(SpringWebserviceComponentIntegrationTest.java:76)
	at sun.reflect.NativeMethodAccessorImpl.invoke0(Native Method)
	at sun.reflect.NativeMethodAccessorImpl.invoke(NativeMethodAccessorImpl.java:39)
	at sun.reflect.DelegatingMethodAccessorImpl.invoke(DelegatingMethodAccessorImpl.java:25)
	at java.lang.reflect.Method.invoke(Method.java:597)
	at org.springframework.test.context.junit4.SpringTestMethod.invoke(SpringTestMethod.java:160)
	at org.springframework.test.context.junit4.SpringMethodRoadie.runTestMethod(SpringMethodRoadie.java:233)
	at org.springframework.test.context.junit4.SpringMethodRoadie$RunBeforesThenTestThenAfters.run(SpringMethodRoadie.java:333)
	at java.util.concurrent.Executors$RunnableAdapter.call(Executors.java:441)
	at java.util.concurrent.FutureTask$Sync.innerRun(FutureTask.java:303)
	at java.util.concurrent.FutureTask.run(FutureTask.java:138)
	at java.util.concurrent.ThreadPoolExecutor$Worker.runTask(ThreadPoolExecutor.java:886)
	at java.util.concurrent.ThreadPoolExecutor$Worker.run(ThreadPoolExecutor.java:908)
	at java.lang.Thread.run(Thread.java:637)
Caused by: org.springframework.ws.client.WebServiceTransportException: Service Unavailable [503]
	at org.springframework.ws.client.core.WebServiceTemplate.handleError(WebServiceTemplate.java:627)
	at org.springframework.ws.client.core.WebServiceTemplate.doSendAndReceive(WebServiceTemplate.java:551)
	at org.springframework.ws.client.core.WebServiceTemplate.sendAndReceive(WebServiceTemplate.java:502)
	at org.springframework.ws.client.core.WebServiceTemplate.doSendAndReceive(WebServiceTemplate.java:457)
	at org.springframework.ws.client.core.WebServiceTemplate.sendSourceAndReceive(WebServiceTemplate.java:444)
	at org.springframework.ws.client.core.WebServiceTemplate.sendSourceAndReceive(WebServiceTemplate.java:435)
	at org.apache.camel.component.spring.ws.SpringWebserviceProducer.process(SpringWebserviceProducer.java:60)
	at org.apache.camel.processor.SendProcessor$1.doInProducer(SendProcessor.java:106)
	at org.apache.camel.processor.SendProcessor$1.doInProducer(SendProcessor.java:103)
	at org.apache.camel.impl.ProducerCache.doInProducer(ProducerCache.java:189)
	at org.apache.camel.processor.SendProcessor.doProcess(SendProcessor.java:103)
	at org.apache.camel.processor.SendProcessor.process(SendProcessor.java:87)
	at org.apache.camel.processor.DelegateProcessor.processNext(DelegateProcessor.java:53)
	at org.apache.camel.processor.DelegateProcessor.proceed(DelegateProcessor.java:82)
	at org.apache.camel.processor.interceptor.TraceInterceptor.process(TraceInterceptor.java:97)
	at org.apache.camel.processor.RedeliveryErrorHandler.processExchange(RedeliveryErrorHandler.java:185)
	at org.apache.camel.processor.RedeliveryErrorHandler.processErrorHandler(RedeliveryErrorHandler.java:151)
	at org.apache.camel.processor.RedeliveryErrorHandler.process(RedeliveryErrorHandler.java:89)
	at org.apache.camel.processor.DefaultErrorHandler.process(DefaultErrorHandler.java:49)
	at org.apache.camel.processor.DefaultChannel.process(DefaultChannel.java:228)
	at org.apache.camel.processor.Pipeline.process(Pipeline.java:75)
	at org.apache.camel.processor.UnitOfWorkProcessor.processNext(UnitOfWorkProcessor.java:70)
	at org.apache.camel.processor.DelegateProcessor.process(DelegateProcessor.java:48)
	at org.apache.camel.management.InstrumentationProcessor.process(InstrumentationProcessor.java:67)
	at org.apache.camel.component.direct.DirectProducer.process(DirectProducer.java:44)
	at org.apache.camel.impl.ProducerCache$1.doInProducer(ProducerCache.java:230)
	at org.apache.camel.impl.ProducerCache$1.doInProducer(ProducerCache.java:208)
	at org.apache.camel.impl.ProducerCache.doInProducer(ProducerCache.java:189)
	at org.apache.camel.impl.ProducerCache.sendExchange(ProducerCache.java:208)
	at org.apache.camel.impl.ProducerCache.send(ProducerCache.java:152)
	at org.apache.camel.impl.DefaultProducerTemplate.send(DefaultProducerTemplate.java:113)
	at org.apache.camel.impl.DefaultProducerTemplate.sendBody(DefaultProducerTemplate.java:117)
	... 16 more
</error>
  </testcase>
  <testcase time="0.279" classname="org.apache.camel.component.spring.ws.SpringWebserviceComponentIntegrationTest" name="consumeStockQuoteWebserviceAndProvideEndpointUriByHeader">
    <error message="Exception occurred during execution on the exchange: Exchange[Message: &lt;GetQuote xmlns=&quot;http://www.webserviceX.NET/&quot;&gt;&lt;symbol&gt;GOOG&lt;/symbol&gt;&lt;/GetQuote&gt;]" type="org.apache.camel.CamelExecutionException">org.apache.camel.CamelExecutionException: Exception occurred during execution on the exchange: Exchange[Message: &lt;GetQuote xmlns=&quot;http://www.webserviceX.NET/&quot;&gt;&lt;symbol&gt;GOOG&lt;/symbol&gt;&lt;/GetQuote&gt;]
	at org.apache.camel.util.ObjectHelper.wrapCamelExecutionException(ObjectHelper.java:1127)
	at org.apache.camel.util.ExchangeHelper.extractResultBody(ExchangeHelper.java:448)
	at org.apache.camel.impl.DefaultProducerTemplate.extractResultBody(DefaultProducerTemplate.java:440)
	at org.apache.camel.impl.DefaultProducerTemplate.sendBodyAndHeader(DefaultProducerTemplate.java:168)
	at org.apache.camel.impl.DefaultProducerTemplate.requestBodyAndHeader(DefaultProducerTemplate.java:286)
	at org.apache.camel.component.spring.ws.SpringWebserviceComponentIntegrationTest.consumeStockQuoteWebserviceAndProvideEndpointUriByHeader(SpringWebserviceComponentIntegrationTest.java:86)
	at sun.reflect.NativeMethodAccessorImpl.invoke0(Native Method)
	at sun.reflect.NativeMethodAccessorImpl.invoke(NativeMethodAccessorImpl.java:39)
	at sun.reflect.DelegatingMethodAccessorImpl.invoke(DelegatingMethodAccessorImpl.java:25)
	at java.lang.reflect.Method.invoke(Method.java:597)
	at org.springframework.test.context.junit4.SpringTestMethod.invoke(SpringTestMethod.java:160)
	at org.springframework.test.context.junit4.SpringMethodRoadie.runTestMethod(SpringMethodRoadie.java:233)
	at org.springframework.test.context.junit4.SpringMethodRoadie$RunBeforesThenTestThenAfters.run(SpringMethodRoadie.java:333)
	at java.util.concurrent.Executors$RunnableAdapter.call(Executors.java:441)
	at java.util.concurrent.FutureTask$Sync.innerRun(FutureTask.java:303)
	at java.util.concurrent.FutureTask.run(FutureTask.java:138)
	at java.util.concurrent.ThreadPoolExecutor$Worker.runTask(ThreadPoolExecutor.java:886)
	at java.util.concurrent.ThreadPoolExecutor$Worker.run(ThreadPoolExecutor.java:908)
	at java.lang.Thread.run(Thread.java:637)
Caused by: org.springframework.ws.client.WebServiceTransportException: Service Unavailable [503]
	at org.springframework.ws.client.core.WebServiceTemplate.handleError(WebServiceTemplate.java:627)
	at org.springframework.ws.client.core.WebServiceTemplate.doSendAndReceive(WebServiceTemplate.java:551)
	at org.springframework.ws.client.core.WebServiceTemplate.sendAndReceive(WebServiceTemplate.java:502)
	at org.springframework.ws.client.core.WebServiceTemplate.doSendAndReceive(WebServiceTemplate.java:457)
	at org.springframework.ws.client.core.WebServiceTemplate.sendSourceAndReceive(WebServiceTemplate.java:444)
	at org.apache.camel.component.spring.ws.SpringWebserviceProducer.process(SpringWebserviceProducer.java:58)
	at org.apache.camel.processor.SendProcessor$1.doInProducer(SendProcessor.java:106)
	at org.apache.camel.processor.SendProcessor$1.doInProducer(SendProcessor.java:103)
	at org.apache.camel.impl.ProducerCache.doInProducer(ProducerCache.java:189)
	at org.apache.camel.processor.SendProcessor.doProcess(SendProcessor.java:103)
	at org.apache.camel.processor.SendProcessor.process(SendProcessor.java:87)
	at org.apache.camel.processor.DelegateProcessor.processNext(DelegateProcessor.java:53)
	at org.apache.camel.processor.DelegateProcessor.proceed(DelegateProcessor.java:82)
	at org.apache.camel.processor.interceptor.TraceInterceptor.process(TraceInterceptor.java:97)
	at org.apache.camel.processor.RedeliveryErrorHandler.processExchange(RedeliveryErrorHandler.java:185)
	at org.apache.camel.processor.RedeliveryErrorHandler.processErrorHandler(RedeliveryErrorHandler.java:151)
	at org.apache.camel.processor.RedeliveryErrorHandler.process(RedeliveryErrorHandler.java:89)
	at org.apache.camel.processor.DefaultErrorHandler.process(DefaultErrorHandler.java:49)
	at org.apache.camel.processor.DefaultChannel.process(DefaultChannel.java:228)
	at org.apache.camel.processor.Pipeline.process(Pipeline.java:75)
	at org.apache.camel.processor.UnitOfWorkProcessor.processNext(UnitOfWorkProcessor.java:70)
	at org.apache.camel.processor.DelegateProcessor.process(DelegateProcessor.java:48)
	at org.apache.camel.management.InstrumentationProcessor.process(InstrumentationProcessor.java:67)
	at org.apache.camel.component.direct.DirectProducer.process(DirectProducer.java:44)
	at org.apache.camel.impl.ProducerCache$1.doInProducer(ProducerCache.java:230)
	at org.apache.camel.impl.ProducerCache$1.doInProducer(ProducerCache.java:208)
	at org.apache.camel.impl.ProducerCache.doInProducer(ProducerCache.java:189)
	at org.apache.camel.impl.ProducerCache.sendExchange(ProducerCache.java:208)
	at org.apache.camel.impl.ProducerCache.send(ProducerCache.java:152)
	at org.apache.camel.impl.DefaultProducerTemplate.send(DefaultProducerTemplate.java:113)
	at org.apache.camel.impl.DefaultProducerTemplate.send(DefaultProducerTemplate.java:100)
	at org.apache.camel.impl.DefaultProducerTemplate.sendBodyAndHeader(DefaultProducerTemplate.java:167)
	... 15 more
</error>
  </testcase>
  <testcase time="0.003" classname="org.apache.camel.component.spring.ws.SpringWebserviceComponentIntegrationTest" name="consumeStockQuoteWebserviceWithWsAddresing"/>
</testsuite>